2018-12-09 00:01:07,999 - wxmplog - DEBUG - [<Element 'item' at 0x7f0e14910550>, <Element 'item' at 0x7f0e14334cd0>, <Element 'item' at 0x7f0e14459c50>, <Element 'item' at 0x7f0e1445bbd0>, <Element 'item' at 0x7f0e14461cd0>]
2018-12-09 00:01:08,000 - wxmplog - DEBUG - 秋季绝美的20个旅行目的地
2018-12-09 00:01:08,000 - wxmplog - DEBUG - http://mp.weixin.qq.com/s?__biz=MzA4Njk1MDA3Nw==&mid=2654160437&idx=1&sn=b50c56fc504fe9592b85ac9ee9ac28d9&chksm=84070fe7b37086f1fccb6512d4be9898c61c30a9f4e3eef24bb32688440eb39f98a7f219b31b&scene=0#rd
2018-12-09 00:01:08,641 - wxmplog - DEBUG - already open the url
2018-12-09 00:01:08,844 - wxmplog - DEBUG - parse the content
2018-12-09 00:01:08,876 - wxmplog - DEBUG - 拥有200个湖泊的西北城市, 被誉为“塞上湖城”
2018-12-09 00:01:08,876 - wxmplog - DEBUG - http://mp.weixin.qq.com/s?__biz=MzA4Njk1MDA3Nw==&mid=2654160437&idx=2&sn=75f73461b5168c6a63610104206742f0&chksm=84070fe7b37086f14176ce4a7ee40bb3f9ad01322b8c8b6c4beed53fb7ff061fbd0050dffc67&scene=0#rd
2018-12-09 00:01:09,527 - wxmplog - DEBUG - already open the url
2018-12-09 00:01:09,662 - wxmplog - DEBUG - parse the content
2018-12-09 00:01:09,696 - wxmplog - DEBUG - 这座千年的江南老城, 综合了江浙沪古镇的所有特色
2018-12-09 00:01:09,696 - wxmplog - DEBUG - http://mp.weixin.qq.com/s?__biz=MzA4Njk1MDA3Nw==&mid=2654160437&idx=3&sn=bb7dc48ff4e99ccd54c812e8d1730ccd&chksm=84070fe7b37086f173348e4508b02538d8abb7f14933d2cdd41fc39b953b38fa4714d1d42b35&scene=0#rd
2018-12-09 00:01:10,236 - wxmplog - DEBUG - already open the url
2018-12-09 00:01:10,398 - wxmplog - DEBUG - parse the content
2018-12-09 00:01:10,432 - wxmplog - DEBUG - 中国最有魅力的五大古镇, 有人全部去过吗
2018-12-09 00:01:10,433 - wxmplog - DEBUG - http://mp.weixin.qq.com/s?__biz=MzA4Njk1MDA3Nw==&mid=2654160437&idx=4&sn=fd500db9ba2eefdc6f6b19449372352d&chksm=84070fe7b37086f179e72039d452122000a7fc8f001bbc728d6511f77700c6592efdc2883240&scene=0#rd
2018-12-09 00:01:10,986 - wxmplog - DEBUG - already open the url
2018-12-09 00:01:11,134 - wxmplog - DEBUG - parse the content
2018-12-09 00:01:11,168 - wxmplog - DEBUG - 国人嘴上说最坑但节假日又最喜欢去的8个旅游地
2018-12-09 00:01:11,169 - wxmplog - DEBUG - http://mp.weixin.qq.com/s?__biz=MzA4Njk1MDA3Nw==&mid=2654160437&idx=5&sn=cd085cd2085d1da70a65ae43d568707b&chksm=84070fe7b37086f176563eca21a6bc550f6c3ad84541363c015ae16cf063f75dafc7ac1b441c&scene=0#rd
2018-12-09 00:01:11,701 - wxmplog - DEBUG - already open the url
2018-12-09 00:01:11,880 - wxmplog - DEBUG - parse the content
2018-12-09 00:01:58,535 - wxmplog - DEBUG - [<Element 'item' at 0x7f0e1458ff50>, <Element 'item' at 0x7f0e142a9590>]
2018-12-09 00:01:58,535 - wxmplog - DEBUG - 我可以挂，科不能挂|不收点段子图怎么开始学习？
2018-12-09 00:01:58,535 - wxmplog - DEBUG - http://mp.weixin.qq.com/s?__biz=MzI0MzM1NDY2Ng==&mid=2247494571&idx=1&sn=1cd65576c57af6e6f0c382574de2f7f7&chksm=e96cf6eede1b7ff854e1eab3820cd0f3d9b13990587f7d93bfed76d0e3b258bf4458187f346e&scene=0&xtrack=1#rd
2018-12-09 00:01:59,096 - wxmplog - DEBUG - already open the url
2018-12-09 00:01:59,295 - wxmplog - DEBUG - parse the content
2018-12-09 00:01:59,329 - wxmplog - DEBUG - 人生有三把钥匙：接受、改变、离开
2018-12-09 00:01:59,329 - wxmplog - DEBUG - http://mp.weixin.qq.com/s?__biz=MzI0MzM1NDY2Ng==&mid=2247494571&idx=2&sn=b941e3a33846f67712ff859434e66340&chksm=e96cf6eede1b7ff8296ab519169c05f6d3817530de0dc284c82c069bfb2a7fe3906285db44b9&scene=0&xtrack=1#rd
2018-12-09 00:01:59,867 - wxmplog - DEBUG - already open the url
2018-12-09 00:02:00,066 - wxmplog - DEBUG - parse the content
2018-12-09 08:05:24,306 - wxmplog - DEBUG - [<Element 'item' at 0x7f0e14ae6890>, <Element 'item' at 0x7f0e143ec790>, <Element 'item' at 0x7f0e14910850>, <Element 'item' at 0x7f0e14ae16d0>, <Element 'item' at 0x7f0e14ae90d0>]
2018-12-09 08:05:24,312 - wxmplog - DEBUG - 中国外交部召见加拿大驻华大使：不放人必将造成严重后果！
2018-12-09 08:05:24,328 - wxmplog - DEBUG - http://mp.weixin.qq.com/s?__biz=MzIzNDYxNTcxOA==&mid=2247507183&idx=1&sn=9517fad0a916103c72655bd193ab6be2&chksm=e8f13a26df86b330ae3f174a4720a93d30e3fd510eaaad0427d3adc1ea0394212050e1b10848&scene=0&xtrack=1#rd
2018-12-09 08:05:24,929 - wxmplog - DEBUG - already open the url
2018-12-09 08:05:25,065 - wxmplog - DEBUG - parse the content
2018-12-09 08:05:25,098 - wxmplog - DEBUG - 贵州省委书记孙志刚：推动巡视巡察工作利剑高悬、震慑常在
2018-12-09 08:05:25,099 - wxmplog - DEBUG - http://mp.weixin.qq.com/s?__biz=MzIzNDYxNTcxOA==&mid=2247507183&idx=2&sn=54e310dfbe6ee780f2b99492bdd9f7b2&chksm=e8f13a26df86b3303681f7053e8a0ef8f4952f0a28fff9e8dc290a0c5b6bb93b6d3ed55f6930&scene=0&xtrack=1#rd
2018-12-09 08:05:25,882 - wxmplog - DEBUG - already open the url
2018-12-09 08:05:26,058 - wxmplog - DEBUG - parse the content
2018-12-09 08:05:26,088 - wxmplog - DEBUG - 市县动态｜镇宁县纪委监委“三健全”提高信访案件办结率
2018-12-09 08:05:26,089 - wxmplog - DEBUG - http://mp.weixin.qq.com/s?__biz=MzIzNDYxNTcxOA==&mid=2247507183&idx=3&sn=6c9a4ad153f259428d42c8f303c59b4f&chksm=e8f13a26df86b33087aae57ca75e5473f0f91b81143c8f85085e23a0094f7345b77f1073ac43&scene=0&xtrack=1#rd
2018-12-09 08:05:26,650 - wxmplog - DEBUG - already open the url
2018-12-09 08:05:26,832 - wxmplog - DEBUG - parse the content
2018-12-09 08:05:26,866 - wxmplog - DEBUG - 市县动态｜思南县健全完善“四项机制”破解农业产业发展难题
2018-12-09 08:05:26,867 - wxmplog - DEBUG - http://mp.weixin.qq.com/s?__biz=MzIzNDYxNTcxOA==&mid=2247507183&idx=4&sn=e35a0b22c07fa20dce07d2542cec4345&chksm=e8f13a26df86b3302667b18e797117f001238832983244b94320060999a561f4bd40ec8fd287&scene=0&xtrack=1#rd
2018-12-09 08:05:27,393 - wxmplog - DEBUG - already open the url
2018-12-09 08:05:27,595 - wxmplog - DEBUG - parse the content
2018-12-09 08:05:27,629 - wxmplog - DEBUG - 贵州遵义6名干部因弄虚作假、不作为等被通报
2018-12-09 08:05:27,629 - wxmplog - DEBUG - http://mp.weixin.qq.com/s?__biz=MzIzNDYxNTcxOA==&mid=2247507183&idx=5&sn=af23fb757ec753bf0acff2411930d87f&chksm=e8f13a26df86b33093d7cdccbd0bbe2ab9fdd1535bfcfdfd6517d1c740fec44dfcc96dc27475&scene=0&xtrack=1#rd
2018-12-09 08:05:28,150 - wxmplog - DEBUG - already open the url
2018-12-09 08:05:28,362 - wxmplog - DEBUG - parse the content
