2018-12-07 18:41:01,929 - wxmplog - DEBUG - [<Element 'item' at 0x7f6ba7d80f90>]
2018-12-07 18:41:01,930 - wxmplog - DEBUG - 万份早餐免费领！一周内迅速脱单！这都是什么操作？
2018-12-07 18:41:01,930 - wxmplog - DEBUG - http://mp.weixin.qq.com/s?__biz=MzA5ODYzNzIzMA==&mid=2649260807&idx=1&sn=6cdf8cbda4eb1e3cb2ecac1852696566&chksm=8892a7c6bfe52ed070eaf005e6a44154376b93159495669f7b8088b4c469d29a768da1cb8b58&scene=0&xtrack=1#rd
2018-12-07 18:41:14,497 - wxmplog - DEBUG - already open the url
2018-12-07 18:41:15,342 - wxmplog - DEBUG - parse the content
2018-12-07 19:05:48,387 - wxmplog - DEBUG - [<Element 'item' at 0x7f6bc1043d10>, <Element 'item' at 0x7f6bc1007890>]
2018-12-07 19:05:48,387 - wxmplog - DEBUG - 人间炼狱！凯旋门被烧，法国成硝烟战场，大革命爆发啦？
2018-12-07 19:05:48,387 - wxmplog - DEBUG - http://mp.weixin.qq.com/s?__biz=MzA4MjE0MDAzMg==&mid=2651703876&idx=1&sn=718a1c6a1e848ea3339727058c1c1291&chksm=847324abb304adbd35158be97a3bca384cf861519b15101048c1bd85cdaa76d28ed44c2a8abb&scene=0&xtrack=1#rd
2018-12-07 19:06:01,408 - wxmplog - DEBUG - already open the url
2018-12-07 19:06:03,380 - wxmplog - DEBUG - parse the content
2018-12-07 19:06:03,416 - wxmplog - DEBUG - 圣诞购物季！来香港这一个地方就够了，保你满载而归！
2018-12-07 19:06:03,417 - wxmplog - DEBUG - http://mp.weixin.qq.com/s?__biz=MzA4MjE0MDAzMg==&mid=2651703876&idx=2&sn=88f788aab01adf05a4d4f1afaa8ad990&chksm=847324abb304adbd849357ada96a4b1a38b398b8c1e4ee0cf6f466711d3d1a04bda581417d04&scene=0&xtrack=1#rd
2018-12-07 19:06:09,810 - wxmplog - DEBUG - already open the url
2018-12-07 19:06:10,075 - wxmplog - DEBUG - parse the content
2018-12-07 19:09:59,721 - wxmplog - DEBUG - [<Element 'item' at 0x7f6bc810d810>, <Element 'item' at 0x7f6ba7cef390>]
2018-12-07 19:09:59,721 - wxmplog - DEBUG - 全力支持中外企业在沪拓展业务！李强今天会见外商时这样说
2018-12-07 19:09:59,722 - wxmplog - DEBUG - http://mp.weixin.qq.com/s?__biz=MjM5NTA5NzYyMA==&mid=2654064671&idx=1&sn=1190468dec2769eb9b9c87a08b9aef55&chksm=bd38cd648a4f4472c13a6a140a5d5a88343ebec4192ad3d12c6681db81a31f2bb7d9b6ab8a98&scene=0&xtrack=1#rd
2018-12-07 19:10:00,366 - wxmplog - DEBUG - already open the url
2018-12-07 19:10:00,507 - wxmplog - DEBUG - parse the content
2018-12-07 19:10:00,535 - wxmplog - DEBUG - 【要闻】李强应勇会见台州市代表团，把握长三角一体化发展的共同机遇！
2018-12-07 19:10:00,536 - wxmplog - DEBUG - http://mp.weixin.qq.com/s?__biz=MjM5NTA5NzYyMA==&mid=2654064671&idx=2&sn=376643e04e5842a544cb8ca99e189b56&chksm=bd38cd648a4f447266a2625ccabcee5fcfbb27032d0afb181d53b41e4a5ad6a2369ddb9def21&scene=0&xtrack=1#rd
2018-12-07 19:10:01,039 - wxmplog - DEBUG - already open the url
2018-12-07 19:10:01,172 - wxmplog - DEBUG - parse the content
2018-12-07 19:16:01,516 - wxmplog - DEBUG - [<Element 'item' at 0x7f6bc004bbd0>, <Element 'item' at 0x7f6bc0f571d0>]
2018-12-07 19:16:01,517 - wxmplog - DEBUG - 【U23】申花再胜锁定争冠组名额！而周俊辰在昨天。。。
2018-12-07 19:16:01,517 - wxmplog - DEBUG - http://mp.weixin.qq.com/s?__biz=MjM5MDE4NTk4MA==&mid=2650841007&idx=1&sn=10118834a6858301b79e15921acc833e&chksm=bdbc9f3c8acb162ade1ad922f97de41b27d2e2bb4f3b4df24f66fd99ce2d3718881436628814&scene=0&xtrack=1#rd
2018-12-07 19:16:02,007 - wxmplog - DEBUG - already open the url
2018-12-07 19:16:02,162 - wxmplog - DEBUG - parse the content
2018-12-07 19:16:02,190 - wxmplog - DEBUG - 本年度最后一场ONE冠军赛，他们将...
2018-12-07 19:16:02,192 - wxmplog - DEBUG - http://mp.weixin.qq.com/s?__biz=MjM5MDE4NTk4MA==&mid=2650841007&idx=2&sn=676d871dbcc9604911b5f36bc7bde561&chksm=bdbc9f3c8acb162a8ccfe777cb69470f5e73d8d8816c8178f5952a6975638eb8bdbe0889e6de&scene=0&xtrack=1#rd
2018-12-07 19:16:02,835 - wxmplog - DEBUG - already open the url
2018-12-07 19:16:02,980 - wxmplog - DEBUG - parse the content
2018-12-07 19:42:00,891 - wxmplog - DEBUG - [<Element 'item' at 0x7f6bc0cfa950>, <Element 'item' at 0x7f6bc80ad910>, <Element 'item' at 0x7f6bc36e77d0>]
2018-12-07 19:42:00,892 - wxmplog - DEBUG - 100多本Python书，免费哟～
2018-12-07 19:42:00,892 - wxmplog - DEBUG - http://mp.weixin.qq.com/s?__biz=MzI0ODcxODk5OA==&mid=2247500026&idx=1&sn=cacda11e18004418433416cf4002ba8e&chksm=e99ef303dee97a152d814b4da1db3ef223af25bd9eca4d4ab1836c05f4e5dc89384ffcf3930b&scene=0&xtrack=1#rd
2018-12-07 19:42:01,500 - wxmplog - DEBUG - already open the url
2018-12-07 19:42:01,804 - wxmplog - DEBUG - parse the content
2018-12-07 19:42:01,841 - wxmplog - DEBUG - 12月报告：Python称王，C++败北！
2018-12-07 19:42:01,842 - wxmplog - DEBUG - http://mp.weixin.qq.com/s?__biz=MzI0ODcxODk5OA==&mid=2247500026&idx=2&sn=4cf265b44c4370ed958bd0a7072e436f&chksm=e99ef303dee97a15d099fece42002720b607587e5f4c3f4be37cef91d7ebffdccd8c55419cc6&scene=0&xtrack=1#rd
2018-12-07 19:42:02,610 - wxmplog - DEBUG - already open the url
2018-12-07 19:42:02,806 - wxmplog - DEBUG - parse the content
2018-12-07 19:42:02,842 - wxmplog - DEBUG - 微软“叛变”谷歌 Chromium！
2018-12-07 19:42:02,843 - wxmplog - DEBUG - http://mp.weixin.qq.com/s?__biz=MzI0ODcxODk5OA==&mid=2247500026&idx=3&sn=ed96421c5e8ff5110036139d948bcd69&chksm=e99ef303dee97a15b4d161499bfa9fd0553c247888cfc47db65529be500ce137178dbe7d1290&scene=0&xtrack=1#rd
2018-12-07 19:42:03,563 - wxmplog - DEBUG - already open the url
2018-12-07 19:42:03,781 - wxmplog - DEBUG - parse the content
2018-12-07 19:57:00,892 - wxmplog - DEBUG - [<Element 'item' at 0x7f6ba77b8310>]
2018-12-07 19:57:00,893 - wxmplog - DEBUG - 上海市高血压研究所成立60周年啦！
2018-12-07 19:57:00,893 - wxmplog - DEBUG - http://mp.weixin.qq.com/s?__biz=MjM5NjA4MjQxMg==&mid=2651684129&idx=1&sn=2b219d25e2f456d2a870ef57885ca003&chksm=bd177aa28a60f3b4b23bd8407a4d09c05055726cf2aa50dda441b169deb243667a5d50b9b8e6&scene=0&xtrack=1#rd
2018-12-07 19:57:03,676 - wxmplog - DEBUG - already open the url
2018-12-07 19:57:03,882 - wxmplog - DEBUG - parse the content
2018-12-07 19:59:48,124 - wxmplog - DEBUG - [<Element 'item' at 0x7f6bc0e7de50>, <Element 'item' at 0x7f6bc127e990>]
2018-12-07 19:59:48,124 - wxmplog - DEBUG - 魔都7号线化身乐高主题车厢!暗藏圣诞大礼，挤地铁也快落~
2018-12-07 19:59:48,124 - wxmplog - DEBUG - http://mp.weixin.qq.com/s?__biz=MjM5ODAzNzI4Mg==&mid=2652192053&idx=1&sn=ca8846fb7a13c306abc42d28afe22178&chksm=bd314f788a46c66ead323c70e422f6a62c65344c9d70d10daa81c055f252d62fa2562a62a807&scene=0&xtrack=1#rd
2018-12-07 19:59:48,760 - wxmplog - DEBUG - already open the url
2018-12-07 19:59:49,061 - wxmplog - DEBUG - parse the content
2018-12-07 19:59:49,097 - wxmplog - DEBUG - BGM桌游展终极逛展指南上线！精彩活动&试玩早知道！
2018-12-07 19:59:49,097 - wxmplog - DEBUG - http://mp.weixin.qq.com/s?__biz=MjM5ODAzNzI4Mg==&mid=2652192053&idx=2&sn=927809117db610cb0683af8deb089458&chksm=bd314f788a46c66e047dc873aa29b4392b4c0e2556d7b0fe1d5d1949ffe00b6799df192c5da1&scene=0&xtrack=1#rd
2018-12-07 19:59:49,657 - wxmplog - DEBUG - already open the url
2018-12-07 19:59:49,842 - wxmplog - DEBUG - parse the content
2018-12-07 20:04:49,607 - wxmplog - DEBUG - [<Element 'item' at 0x7f6bc0f51a90>, <Element 'item' at 0x7f6bc127edd0>, <Element 'item' at 0x7f6ba779b810>, <Element 'item' at 0x7f6bc0a98b90>, <Element 'item' at 0x7f6bc114ead0>]
2018-12-07 20:04:49,607 - wxmplog - DEBUG - 李三旗书记一行到省博物馆调研
2018-12-07 20:04:49,607 - wxmplog - DEBUG - http://mp.weixin.qq.com/s?__biz=MjM5MjQ1NTM0MA==&mid=2650387471&idx=1&sn=0954d32594f6adf4596718087a5c94e9&chksm=beab1bcc89dc92da56b65081559db6254416632587cc12d3977af04ffd6869c63de99dc228bf&scene=0&xtrack=1#rd
2018-12-07 20:04:50,283 - wxmplog - DEBUG - already open the url
2018-12-07 20:04:50,428 - wxmplog - DEBUG - parse the content
2018-12-07 20:04:50,456 - wxmplog - DEBUG - 分享 | 都说民族节日是瑰宝，贵州不多，也就100多个吧
2018-12-07 20:04:50,457 - wxmplog - DEBUG - http://mp.weixin.qq.com/s?__biz=MjM5MjQ1NTM0MA==&mid=2650387471&idx=2&sn=1d6a34f5f0964476a750c7240540d4a0&chksm=beab1bcc89dc92dac70ec974b842e41823f45d4e20bcd5d6d5755bafa981e5462ca9fe928575&scene=0&xtrack=1#rd
2018-12-07 20:04:50,974 - wxmplog - DEBUG - already open the url
2018-12-07 20:04:51,338 - wxmplog - DEBUG - parse the content
2018-12-07 20:04:51,366 - wxmplog - DEBUG - 热点 | 听说了吗？贵州梵净山下雪了！极致雪景带你解锁拍照“新姿势”
2018-12-07 20:04:51,367 - wxmplog - DEBUG - http://mp.weixin.qq.com/s?__biz=MjM5MjQ1NTM0MA==&mid=2650387471&idx=3&sn=05e2369b74135497fac5558cdcce16f5&chksm=beab1bcc89dc92da3507843cdd740c0486f692090d232f1d39ef4f5cb4a12638ae03ed4b6901&scene=0&xtrack=1#rd
2018-12-07 20:04:51,820 - wxmplog - DEBUG - already open the url
2018-12-07 20:04:52,012 - wxmplog - DEBUG - parse the content
2018-12-07 20:04:52,046 - wxmplog - DEBUG - 出游 | 贵阳周边不可错过的自驾游线路，美景、休闲、探险……应有尽有！
2018-12-07 20:04:52,046 - wxmplog - DEBUG - http://mp.weixin.qq.com/s?__biz=MjM5MjQ1NTM0MA==&mid=2650387471&idx=4&sn=943acfb7d8da3f5b17f971e3daaea324&chksm=beab1bcc89dc92da3dadf9d076dc1ba1ebd8c71d951ed78e2666986953b5cd942e3e3ebd93e7&scene=0&xtrack=1#rd
2018-12-07 20:04:52,803 - wxmplog - DEBUG - already open the url
2018-12-07 20:04:53,133 - wxmplog - DEBUG - parse the content
2018-12-07 20:04:53,163 - wxmplog - DEBUG - 关注 | 网购火车票注意！铁路部门将推出抢票神器！
2018-12-07 20:04:53,163 - wxmplog - DEBUG - http://mp.weixin.qq.com/s?__biz=MjM5MjQ1NTM0MA==&mid=2650387471&idx=5&sn=a664e5183dbb65903fce4b4cf462fa97&chksm=beab1bcc89dc92da1c122531b85b67e49b93e02243ee52d4f433e35df211f5d0f772dcf40ec8&scene=0&xtrack=1#rd
2018-12-07 20:04:53,650 - wxmplog - DEBUG - already open the url
2018-12-07 20:04:53,830 - wxmplog - DEBUG - parse the content
2018-12-07 20:56:40,031 - wxmplog - DEBUG - [<Element 'item' at 0x7f6bc01ece90>]
2018-12-07 20:56:40,031 - wxmplog - DEBUG - 我有9条命，你信吗？
2018-12-07 20:56:40,032 - wxmplog - DEBUG - http://mp.weixin.qq.com/s?__biz=MzI4OTA3MTYxOA==&mid=2650745371&idx=1&sn=de7d64710f5c2297154a2662dc6cc8a5&chksm=f43f3d76c348b460e85175d1654467da718ef854c30521158581110a2dad08f137f0bcfe4dd7&scene=0&xtrack=1#rd
2018-12-07 20:56:40,547 - wxmplog - DEBUG - already open the url
2018-12-07 20:56:40,734 - wxmplog - DEBUG - parse the content
2018-12-07 21:09:28,560 - wxmplog - DEBUG - [<Element 'item' at 0x7f6ba7d41bd0>, <Element 'item' at 0x7f6bc109d650>, <Element 'item' at 0x7f6bc0f5a750>]
2018-12-07 21:09:28,560 - wxmplog - DEBUG - 希望明天我们不再寂寞...
2018-12-07 21:09:28,560 - wxmplog - DEBUG - http://mp.weixin.qq.com/s?__biz=MzA5OTQ2MzIwMg==&mid=2652852358&idx=1&sn=bbf79510854852561425e4d934fdf662&chksm=8b6a09cbbc1d80dd5f6268c539202a2da6e7bff2ca265896e710c36297205f9ebb6507e77489&scene=0&xtrack=1#rd
2018-12-07 21:09:29,012 - wxmplog - DEBUG - already open the url
2018-12-07 21:09:29,181 - wxmplog - DEBUG - parse the content
2018-12-07 21:09:29,211 - wxmplog - DEBUG - 大四喜的小将，了解一下？
2018-12-07 21:09:29,212 - wxmplog - DEBUG - http://mp.weixin.qq.com/s?__biz=MzA5OTQ2MzIwMg==&mid=2652852358&idx=2&sn=96ef05af471dc55d516bb016013b4688&chksm=8b6a09cbbc1d80dd0a1f6c034635f8098af96aee67c8bc3143eb50b21c9fc770f92330a75d33&scene=0&xtrack=1#rd
2018-12-07 21:09:29,799 - wxmplog - DEBUG - already open the url
2018-12-07 21:09:30,004 - wxmplog - DEBUG - parse the content
2018-12-07 21:09:30,035 - wxmplog - DEBUG - 亚洲杯上已经有12年没出现过他们的身影了。
2018-12-07 21:09:30,035 - wxmplog - DEBUG - http://mp.weixin.qq.com/s?__biz=MzA5OTQ2MzIwMg==&mid=2652852358&idx=3&sn=3281519e62020ded1c0ca7d203cc84e4&chksm=8b6a09cbbc1d80dd6477147f86ae7c3aedfb4649987049c20f95a5b745c542d3d03ea5d8d357&scene=0&xtrack=1#rd
2018-12-07 21:09:30,515 - wxmplog - DEBUG - already open the url
2018-12-07 21:09:30,698 - wxmplog - DEBUG - parse the content
2018-12-07 21:33:18,891 - wxmplog - DEBUG - [<Element 'item' at 0x7f6bc0eb3b50>, <Element 'item' at 0x7f6bc01ec0d0>, <Element 'item' at 0x7f6bc373de90>, <Element 'item' at 0x7f6bc01df690>]
2018-12-07 21:33:18,891 - wxmplog - DEBUG - 美西南航空客机降落时冲出跑道 无人受伤
2018-12-07 21:33:18,892 - wxmplog - DEBUG - http://mp.weixin.qq.com/s?__biz=MzAxOTU2MDIwMA==&mid=2677436626&idx=1&sn=e0212e482ebddcd1338848876f84fcfd&chksm=81a7f2b5b6d07ba35aac1609ba5a8fc0ea0f38ea9da2209d7acd034308c00ef80c60f7299efe&scene=0&xtrack=1#rd
2018-12-07 21:33:20,446 - wxmplog - DEBUG - already open the url
2018-12-07 21:33:20,578 - wxmplog - DEBUG - parse the content
2018-12-07 21:33:20,608 - wxmplog - DEBUG - 说说747飞机 STAB TRIM 2信息的排故
2018-12-07 21:33:20,608 - wxmplog - DEBUG - http://mp.weixin.qq.com/s?__biz=MzAxOTU2MDIwMA==&mid=2677436626&idx=2&sn=0102ecbeb033c1c3ab154c25eecd321f&chksm=81a7f2b5b6d07ba3a42b0bac94a1d16f33a68c52cb35f1883a0ce1495a77b5e53d52619b4ab9&scene=0&xtrack=1#rd
2018-12-07 21:33:21,198 - wxmplog - DEBUG - already open the url
2018-12-07 21:33:21,404 - wxmplog - DEBUG - parse the content
2018-12-07 21:33:21,434 - wxmplog - DEBUG - 领先航空货运业的波音货机
2018-12-07 21:33:21,435 - wxmplog - DEBUG - http://mp.weixin.qq.com/s?__biz=MzAxOTU2MDIwMA==&mid=2677436626&idx=3&sn=6cc7272f503533a2252bca615e6b22fc&chksm=81a7f2b5b6d07ba3e11644e3d079bf3c347cfe12c5dc7f0d6f7aa3bb339024920ab5a58149d7&scene=0&xtrack=1#rd
2018-12-07 21:33:22,112 - wxmplog - DEBUG - already open the url
2018-12-07 21:33:22,311 - wxmplog - DEBUG - parse the content
2018-12-07 21:33:22,342 - wxmplog - DEBUG - ITW GSE全系列产品LOGO升级——厦门和润航机电设备有限公司
2018-12-07 21:33:22,342 - wxmplog - DEBUG - http://mp.weixin.qq.com/s?__biz=MzAxOTU2MDIwMA==&mid=2677436626&idx=4&sn=730941cec36c2abdb76b33cf67baeb02&chksm=81a7f2b5b6d07ba3976ebe22ff351008d2fdcb053e2c84c3dbf65f7bf5ab9374264bda345b3d&scene=0&xtrack=1#rd
2018-12-07 21:33:22,964 - wxmplog - DEBUG - already open the url
2018-12-07 21:33:23,107 - wxmplog - DEBUG - parse the content
2018-12-07 21:58:36,682 - wxmplog - DEBUG - [<Element 'item' at 0x7f6bc808fad0>]
2018-12-07 21:58:36,682 - wxmplog - DEBUG - 双十二低价！低价抢购
2018-12-07 21:58:36,682 - wxmplog - DEBUG - http://mp.weixin.qq.com/s?__biz=MzI2NzM3ODA2Mg==&mid=2247484774&idx=1&sn=524d9697e6e05d29d10df9d7856917f9&chksm=eafe8987dd89009197a7fd24cf0cd8bcba904f75fb11e7f8218376d037232a43ffaf2b30a572&scene=0#rd
2018-12-07 21:58:37,256 - wxmplog - DEBUG - already open the url
2018-12-07 21:58:37,386 - wxmplog - DEBUG - parse the content
2018-12-07 22:03:38,794 - wxmplog - DEBUG - [<Element 'item' at 0x7f6ba778fc50>]
2018-12-07 22:03:38,794 - wxmplog - DEBUG - 科技行动派们，你有一封来自拉斯维加斯的邀请函
2018-12-07 22:03:38,794 - wxmplog - DEBUG - http://mp.weixin.qq.com/s?__biz=MTMwNDMwODQ0MQ==&mid=2652859230&idx=1&sn=166273b5dcdfa40e5cd3018b4358bee5&chksm=7e6a16e8491d9ffeef1edb2da2ecdd218296e2e5a3d7dc6b2c279e1dd27efa1237fcd2136926&scene=0#rd
2018-12-07 22:03:39,345 - wxmplog - DEBUG - already open the url
2018-12-07 22:03:39,490 - wxmplog - DEBUG - parse the content
2018-12-07 22:28:43,166 - wxmplog - DEBUG - [<Element 'item' at 0x7f6ba7d006d0>, <Element 'item' at 0x7f6ba7e4a410>]
2018-12-07 22:28:43,167 - wxmplog - DEBUG - 【化资在现场】森田，要低调"进化"了
2018-12-07 22:28:43,167 - wxmplog - DEBUG - http://mp.weixin.qq.com/s?__biz=MjM5OTUxOTQzMg==&mid=2650337248&idx=1&sn=a319ab339f3c878842e4cfc979fe0ce4&chksm=bf367a478841f35164e4c5bcc0676b32d120fc9b421072c0d17f645cab1559ee25568d65d5b4&scene=0&xtrack=1#rd
2018-12-07 22:28:45,838 - wxmplog - DEBUG - already open the url
2018-12-07 22:28:46,047 - wxmplog - DEBUG - parse the content
2018-12-07 22:28:46,075 - wxmplog - DEBUG - 【美盛情报局】诺斯贝尔设立全资子公司/欧莱雅成立风投基金，以及更多
2018-12-07 22:28:46,076 - wxmplog - DEBUG - http://mp.weixin.qq.com/s?__biz=MjM5OTUxOTQzMg==&mid=2650337248&idx=2&sn=f19581140609a92087539571ae07ba9e&chksm=bf367a478841f35139c114c4f28473d58f17a7e97d038a169b26ade694651a63e9c1e4ba6640&scene=0&xtrack=1#rd
2018-12-07 22:28:46,658 - wxmplog - DEBUG - already open the url
2018-12-07 22:28:46,862 - wxmplog - DEBUG - parse the content
2018-12-07 22:40:25,528 - wxmplog - DEBUG - [<Element 'item' at 0x7f6bc10a3c10>, <Element 'item' at 0x7f6bc83d96d0>]
2018-12-07 22:40:25,529 - wxmplog - DEBUG - 2024年全球美甲市场规模将达到130亿美元
2018-12-07 22:40:25,529 - wxmplog - DEBUG - http://mp.weixin.qq.com/s?__biz=MjM5NjU5ODA0MA==&mid=2683160552&idx=1&sn=8e98e9cb4e0e02833cc8b4a17b1946ef&chksm=bcffbf9f8b8836893b55a8b9f94bdb9650570757df9b0e2c60bb984955b9c321706ccbf4bd77&scene=0&xtrack=1#rd
2018-12-07 22:40:26,052 - wxmplog - DEBUG - already open the url
2018-12-07 22:40:26,196 - wxmplog - DEBUG - parse the content
2018-12-07 22:40:26,232 - wxmplog - DEBUG - 53批次化妆品不合格被国家药监局通报
2018-12-07 22:40:26,232 - wxmplog - DEBUG - http://mp.weixin.qq.com/s?__biz=MjM5NjU5ODA0MA==&mid=2683160552&idx=2&sn=2437d6892a3092cfd0344e94eabc99a3&chksm=bcffbf9f8b8836892a99a09bc585befed6e64dbca1b1b72ca6cd20b25ec6d5645071b011679b&scene=0&xtrack=1#rd
2018-12-07 22:40:26,760 - wxmplog - DEBUG - already open the url
2018-12-07 22:40:26,891 - wxmplog - DEBUG - parse the content
2018-12-07 22:42:08,315 - wxmplog - DEBUG - [<Element 'item' at 0x7f6bc10a34d0>, <Element 'item' at 0x7f6ba7f943d0>, <Element 'item' at 0x7f6bc0f6f410>, <Element 'item' at 0x7f6bc83d9390>, <Element 'item' at 0x7f6bc83d96d0>, <Element 'item' at 0x7f6bc0eb39d0>]
2018-12-07 22:42:08,315 - wxmplog - DEBUG - 抗衰美颜，到底啥“钛”才管用？看完这篇你就明白了
2018-12-07 22:42:08,315 - wxmplog - DEBUG - http://mp.weixin.qq.com/s?__biz=MjM5OTM5NTg3Mg==&mid=2651663489&idx=1&sn=bfdf97f617f85b3a0982b3ff6bfd96b9&chksm=bcc59bce8bb212d89019809ec992e4f2ba2a3eee2670c2bfe24baa08c11cfad24d696355e3b2&scene=0&xtrack=1#rd
2018-12-07 22:42:08,771 - wxmplog - DEBUG - already open the url
2018-12-07 22:42:08,943 - wxmplog - DEBUG - parse the content
2018-12-07 22:42:08,971 - wxmplog - DEBUG - 聚焦丨化妆品店年底冲业绩，先跟优衣库学会这一招！
2018-12-07 22:42:08,972 - wxmplog - DEBUG - http://mp.weixin.qq.com/s?__biz=MjM5OTM5NTg3Mg==&mid=2651663489&idx=2&sn=b6ccb65b94e7af12afa2f625b1ba7aab&chksm=bcc59bce8bb212d8643162712ae4daf22f50ae6c57ca0d06dfe18ee2dfc227fe3ab89e2a528a&scene=0&xtrack=1#rd
2018-12-07 22:42:09,509 - wxmplog - DEBUG - already open the url
2018-12-07 22:42:09,709 - wxmplog - DEBUG - parse the content
2018-12-07 22:42:09,739 - wxmplog - DEBUG - 品牌丨做人参化妆品，韩国有雪花秀，那中国有谁？
2018-12-07 22:42:09,739 - wxmplog - DEBUG - http://mp.weixin.qq.com/s?__biz=MjM5OTM5NTg3Mg==&mid=2651663489&idx=3&sn=5fd410d63a626524b94a4a873db1104b&chksm=bcc59bce8bb212d864afa17047f7fcafaa1dafac70ba7c1a3c737bcd1442a339dcaae1304fda&scene=0&xtrack=1#rd
2018-12-07 22:42:11,316 - wxmplog - DEBUG - already open the url
2018-12-07 22:42:11,527 - wxmplog - DEBUG - parse the content
2018-12-07 22:42:11,563 - wxmplog - DEBUG - 现场丨从面膜品牌进阶到护肤品牌，森田说明年还要尝试更多
2018-12-07 22:42:11,563 - wxmplog - DEBUG - http://mp.weixin.qq.com/s?__biz=MjM5OTM5NTg3Mg==&mid=2651663489&idx=4&sn=7ff7732c7bbb48e5c3052f8486351e30&chksm=bcc59bce8bb212d8a4b2e9f9725649ce99e355fa4cf416a93363b5d016530e61d4b01b2fd139&scene=0&xtrack=1#rd
2018-12-07 22:42:12,174 - wxmplog - DEBUG - already open the url
2018-12-07 22:42:12,379 - wxmplog - DEBUG - parse the content
2018-12-07 22:42:12,413 - wxmplog - DEBUG - 品牌丨澳洲知名有机个护品牌入驻千色店，单品销量月增200%
2018-12-07 22:42:12,414 - wxmplog - DEBUG - http://mp.weixin.qq.com/s?__biz=MjM5OTM5NTg3Mg==&mid=2651663489&idx=5&sn=0a4774127e2924dc0985e6737e9e0a60&chksm=bcc59bce8bb212d89d2b9ec55770d771ee7ec994b537b43ce122908cdae5fde27cc27d66efd7&scene=0&xtrack=1#rd
2018-12-07 22:42:12,898 - wxmplog - DEBUG - already open the url
2018-12-07 22:42:13,088 - wxmplog - DEBUG - parse the content
2018-12-07 22:42:13,118 - wxmplog - DEBUG - 品牌丨15周年套盒首发预售破2000万元 ，这个品牌靠啥？
2018-12-07 22:42:13,118 - wxmplog - DEBUG - http://mp.weixin.qq.com/s?__biz=MjM5OTM5NTg3Mg==&mid=2651663489&idx=6&sn=d9d89c535ed49df7d5352053e0e75926&chksm=bcc59bce8bb212d80a4687a1ceb058288847e70c9c4b7cad859d1aa4792b64651e5154df3360&scene=0&xtrack=1#rd
2018-12-07 22:42:13,605 - wxmplog - DEBUG - already open the url
2018-12-07 22:42:13,795 - wxmplog - DEBUG - parse the content
2018-12-07 22:51:00,419 - wxmplog - DEBUG - [<Element 'item' at 0x7f6bc37af190>]
2018-12-07 22:51:00,420 - wxmplog - DEBUG - 李强调研新一代信息基础设施建设！上海未来的信息化蓝图是这样的……
2018-12-07 22:51:00,420 - wxmplog - DEBUG - http://mp.weixin.qq.com/s?__biz=MjM5NTA5NzYyMA==&mid=2654064690&idx=1&sn=587ba3393d2c28abad57e1ad4bb73835&chksm=bd38cd498a4f445f305523dbf07808bbeeeeca520972439f0af2c9d58d0f8aeff10dccc7ce19&scene=0&xtrack=1#rd
2018-12-07 22:51:01,088 - wxmplog - DEBUG - already open the url
2018-12-07 22:51:01,293 - wxmplog - DEBUG - parse the content
2018-12-07 22:59:47,387 - wxmplog - DEBUG - [<Element 'item' at 0x7f6bc82dac90>, <Element 'item' at 0x7f6bc0cffed0>]
2018-12-07 22:59:47,388 - wxmplog - DEBUG - 一架歼20惊现美国，怎么回事？
2018-12-07 22:59:47,388 - wxmplog - DEBUG - http://mp.weixin.qq.com/s?__biz=MzA4Mzk4ODYyMw==&mid=2833761832&idx=1&sn=b20218de9800cb98ed526defef1d4aae&chksm=b2fd7fc8858af6de8f6635ada03b1af80bc2813a175f8db0cc25538c98a35ec3e5b17b7fd1a0&scene=0&xtrack=1#rd
2018-12-07 22:59:47,925 - wxmplog - DEBUG - already open the url
2018-12-07 22:59:48,186 - wxmplog - DEBUG - parse the content
2018-12-07 22:59:48,222 - wxmplog - DEBUG - 飞行员压箱底的绝活儿，大侧风落地!
2018-12-07 22:59:48,224 - wxmplog - DEBUG - http://mp.weixin.qq.com/s?__biz=MzA4Mzk4ODYyMw==&mid=2833761832&idx=2&sn=bf6ec39a8766508491459cd856797d18&chksm=b2fd7fc8858af6de55f310d8973fee874af8647dd669e2f82cb111ae236cb7556d6ca0f36056&scene=0&xtrack=1#rd
2018-12-07 22:59:48,844 - wxmplog - DEBUG - already open the url
2018-12-07 22:59:49,049 - wxmplog - DEBUG - parse the content
2018-12-07 23:09:24,534 - wxmplog - DEBUG - [<Element 'item' at 0x7f6bc36e5110>]
2018-12-07 23:09:24,535 - wxmplog - DEBUG - 绝对不能错过的PLAYSEAT® 品牌日
2018-12-07 23:09:24,535 - wxmplog - DEBUG - http://mp.weixin.qq.com/s?__biz=MjM5MTcyMTA5Nw==&mid=2649226456&idx=1&sn=66a08e30c7518297a54fb3f9a0ab3864&chksm=bea26f3e89d5e628d8cf9175cd74bd85d43a0c8a93c14b4c0c7c5730a29fc43d031ec9c5bec2&scene=0&xtrack=1#rd
2018-12-07 23:09:25,085 - wxmplog - DEBUG - already open the url
2018-12-07 23:09:25,220 - wxmplog - DEBUG - parse the content
2018-12-07 23:15:40,952 - wxmplog - DEBUG - [<Element 'item' at 0x7f6bc0c2e590>, <Element 'item' at 0x7f6bc0ddf550>, <Element 'item' at 0x7f6bc11dc350>, <Element 'item' at 0x7f6ba7e09150>]
2018-12-07 23:15:40,952 - wxmplog - DEBUG - 今天与16位区长座谈交流时，应勇强调明年工作这样谋划！
2018-12-07 23:15:40,953 - wxmplog - DEBUG - http://mp.weixin.qq.com/s?__biz=MjM5NTA5NzYyMA==&mid=2654064696&idx=1&sn=4ebe5fe6245bbfa3281949fb99796c58&chksm=bd38cd438a4f4455616ba86942c0c6079d5e7b4c5c3e428f83be80333581e073aab7b1e8b00c&scene=0&xtrack=1#rd
2018-12-07 23:15:42,619 - wxmplog - DEBUG - already open the url
2018-12-07 23:15:42,829 - wxmplog - DEBUG - parse the content
2018-12-07 23:15:42,865 - wxmplog - DEBUG - 【视频】浦东如何“超级变变变”？3分钟动画片告诉你！
2018-12-07 23:15:42,865 - wxmplog - DEBUG - http://mp.weixin.qq.com/s?__biz=MjM5NTA5NzYyMA==&mid=2654064696&idx=2&sn=360978b7178dc417512f7afbb82242ca&chksm=bd38cd438a4f445569bd37c0cb299c465e949f4e442694de7d22f1d90665f339349ff94ad413&scene=0&xtrack=1#rd
2018-12-07 23:15:43,436 - wxmplog - DEBUG - already open the url
2018-12-07 23:15:43,585 - wxmplog - DEBUG - parse the content
2018-12-07 23:15:43,621 - wxmplog - DEBUG - 【提示】新年想出游？“元旦”小长假长途车票下周五开售！
2018-12-07 23:15:43,622 - wxmplog - DEBUG - http://mp.weixin.qq.com/s?__biz=MjM5NTA5NzYyMA==&mid=2654064696&idx=3&sn=2b4cee301af16b2eed8ed16eaf48e844&chksm=bd38cd438a4f4455835b75b14ef2a5f13e2f5aa24de91704810d8ac46654ef2efce49b67e64c&scene=0&xtrack=1#rd
2018-12-07 23:15:44,116 - wxmplog - DEBUG - already open the url
2018-12-07 23:15:44,301 - wxmplog - DEBUG - parse the content
2018-12-07 23:15:44,336 - wxmplog - DEBUG - 【就业】市肿瘤研究所招聘20人，12月17日前报名！
2018-12-07 23:15:44,337 - wxmplog - DEBUG - http://mp.weixin.qq.com/s?__biz=MjM5NTA5NzYyMA==&mid=2654064696&idx=4&sn=107586d0b55bccea50d845da24d89687&chksm=bd38cd438a4f445558818bb5c88609dfd8bbd278562d1a852e863c617753e24f2046239825a4&scene=0&xtrack=1#rd
2018-12-07 23:15:45,017 - wxmplog - DEBUG - already open the url
2018-12-07 23:15:45,220 - wxmplog - DEBUG - parse the content
