2018-11-08 12:42:34,791 - wxmplog - DEBUG - [<Element 'item' at 0x7f46f41394d0>, <Element 'item' at 0x7f46f6fe9d90>, <Element 'item' at 0x7f46f439ff50>, <Element 'item' at 0x7f46f424bb90>, <Element 'item' at 0x7f46f414c550>, <Element 'item' at 0x7f46f4d581d0>, <Element 'item' at 0x7f46f43942d0>, <Element 'item' at 0x7f46f4393e90>]
2018-11-08 12:42:34,792 - wxmplog - DEBUG - 【||·||】秒杀1元抢50元！iPhone、华为、戴森最低8折优惠，24期低至214元/月‼
2018-11-08 12:42:47,135 - wxmplog - DEBUG - http://mp.weixin.qq.com/s?__biz=MjM5MzI4MzQ2MA==&mid=2714506727&idx=1&sn=04cd0faebee05623b3ebee17d6bf458b&chksm=82a1d90cb5d6501aa1193bd9cf1b9b6968b9e1fb8e82e19d3588500817fc03660ec0651ff4d9&scene=0#rd
2018-11-08 12:42:47,156 - wxmplog - DEBUG - 手机充话费，满50元随机最高立减20元！
2018-11-08 12:43:25,038 - wxmplog - DEBUG - [<Element 'item' at 0x7f46f153c6d0>, <Element 'item' at 0x7f46f153a4d0>, <Element 'item' at 0x7f46f1538910>, <Element 'item' at 0x7f46f1533890>, <Element 'item' at 0x7f46f152c450>, <Element 'item' at 0x7f46f1525390>, <Element 'item' at 0x7f46f03fc2d0>, <Element 'item' at 0x7f46f0410210>]
2018-11-08 12:43:25,039 - wxmplog - DEBUG - 下雪了~下雪了！贵州下立冬雪啦！快来看雪景→
2018-11-08 12:45:01,433 - wxmplog - DEBUG - http://mp.weixin.qq.com/s?__biz=MjM5MzI4MzQ2MA==&mid=2714506727&idx=2&sn=d59d966d765677e13a666d9b8307f5c8&chksm=82a1d90cb5d6501a44df378835c21b2044195937bd42d5d5c2b18ca9babbe91263c550463978&scene=0#rd
2018-11-08 12:45:01,455 - wxmplog - DEBUG - 【购物】一元购十元超市优惠券，每周四上午10:00开抢啦！
2018-11-08 12:45:38,512 - wxmplog - DEBUG - http://mp.weixin.qq.com/s?__biz=MjM5MzU2MDIwMA==&mid=2651590694&idx=1&sn=bdd02d86c900ecbc2cd68ec77d5bb345&chksm=bd6d93c18a1a1ad7863a7a42a21ab0fa1d00b93d89c318c201888e47ec9045dc4314b354b788&scene=0&xtrack=1#rd
2018-11-08 12:45:38,532 - wxmplog - DEBUG - 贵阳日报传媒集团荣膺“改革开放四十年·报业经营管理先进单位”
2018-11-08 12:45:50,758 - wxmplog - DEBUG - http://mp.weixin.qq.com/s?__biz=MjM5MzU2MDIwMA==&mid=2651590694&idx=2&sn=3ea058456add600b03a553e71c6099f3&chksm=bd6d93c18a1a1ad7cee428db4d18cd5ee5955a373e15d8a824ff4a24b0000de7d6b02b4652ee&scene=0&xtrack=1#rd
2018-11-08 12:45:50,779 - wxmplog - DEBUG - 贵州新任命九个部门“一把手”
2018-11-08 12:45:57,570 - wxmplog - DEBUG - http://mp.weixin.qq.com/s?__biz=MjM5MzU2MDIwMA==&mid=2651590694&idx=3&sn=61e2fd2efc8d06bbb20b9fab3043ab48&chksm=bd6d93c18a1a1ad785504c5909ad1f587ecbafc7cdf20286e42ea14249ae62e5632772af2b1d&scene=0&xtrack=1#rd
2018-11-08 12:45:57,592 - wxmplog - DEBUG - “给2千，拿钱包！”贵阳一小伙为拿回自己的证件，转给对方……
2018-11-08 12:46:04,063 - wxmplog - DEBUG - http://mp.weixin.qq.com/s?__biz=MjM5MzU2MDIwMA==&mid=2651590694&idx=4&sn=0e107597231a2b53acfcdf5091e2513a&chksm=bd6d93c18a1a1ad7fbebc2da663d662772b4a09c53f2cb91cf5336223d6652f0b145ddb883e4&scene=0&xtrack=1#rd
2018-11-08 12:46:04,082 - wxmplog - DEBUG - 你家小区物管这些服务做到了么？《贵州省住宅物业管理服务导则》已开始施行
2018-11-08 12:46:05,283 - wxmplog - DEBUG - http://mp.weixin.qq.com/s?__biz=MjM5MzU2MDIwMA==&mid=2651590694&idx=5&sn=53fa5a77a90fceac968b8ef88f274a51&chksm=bd6d93c18a1a1ad7f21415661516dd3126f3542c6cb97a10972f11a42323291e4c1cece3d795&scene=0&xtrack=1#rd
2018-11-08 12:46:05,302 - wxmplog - DEBUG - “有房送车配嫁妆，能不能现在就接走！”这封给未来亲家的信刷爆朋友圈！
2018-11-08 12:48:45,447 - wxmplog - DEBUG - http://mp.weixin.qq.com/s?__biz=MjM5MzU2MDIwMA==&mid=2651590694&idx=6&sn=8ee455f5d6ed8ae8e67a86a9c16035e6&chksm=bd6d93c18a1a1ad7abcdd0da5a73ffc0a325385629580364b3f34df45cd0564cd947dfd84eb3&scene=0&xtrack=1#rd
2018-11-08 12:48:45,467 - wxmplog - DEBUG - 不要再乱找人按摩了！广州女白领因此四肢瘫痪
2018-11-08 12:48:57,536 - wxmplog - DEBUG - http://mp.weixin.qq.com/s?__biz=MjM5MzU2MDIwMA==&mid=2651590694&idx=7&sn=69983f8f9a123e632702605790264289&chksm=bd6d93c18a1a1ad7226954a6f93fbce696cbe9f1497b294bc5fff407f4bf96277a4c79dd0010&scene=0&xtrack=1#rd
2018-11-08 12:48:57,557 - wxmplog - DEBUG - 提醒！这几种情况闯绿灯也违法
2018-11-08 12:49:10,622 - wxmplog - DEBUG - http://mp.weixin.qq.com/s?__biz=MjM5MzU2MDIwMA==&mid=2651590694&idx=8&sn=79e2054ce0d20991297933f064fa0edb&chksm=bd6d93c18a1a1ad7ad3b0f4d08ea138479dd27be775ac2d1a99620f09de9d674be154e0f3243&scene=0&xtrack=1#rd
2018-11-08 19:31:05,107 - wxmplog - DEBUG - [<Element 'item' at 0x7f46f4d29ed0>, <Element 'item' at 0x7f46f4dd1210>, <Element 'item' at 0x7f46f154c6d0>]
2018-11-08 19:31:05,261 - wxmplog - DEBUG - 贵州省政府任免199名厅级干部
2018-11-08 19:31:05,977 - wxmplog - DEBUG - [<Element 'item' at 0x7f46f4baa210>, <Element 'item' at 0x7f46f03ea8d0>, <Element 'item' at 0x7f46f43414d0>, <Element 'item' at 0x7f46f1715ad0>, <Element 'item' at 0x7f46efba1510>, <Element 'item' at 0x7f46f1656590>]
2018-11-08 19:31:05,989 - wxmplog - DEBUG - 省人民政府办公厅和组成部门24位主要负责人名单公布
2018-11-08 19:31:06,155 - wxmplog - DEBUG - [<Element 'item' at 0x7f46f2f8e5d0>, <Element 'item' at 0x7f46f163f3d0>]
2018-11-08 19:31:06,190 - wxmplog - DEBUG - 橘子红了|采摘原生态小香橘，就来宽阔红河村
2018-11-08 19:31:07,679 - wxmplog - DEBUG - [<Element 'item' at 0x7f46f4d33490>, <Element 'item' at 0x7f46efbc19d0>, <Element 'item' at 0x7f46f1453d10>, <Element 'item' at 0x7f46f15bae90>]
2018-11-08 19:31:07,688 - wxmplog - DEBUG - 贵州省11月份最新招聘信息汇总
2018-11-08 19:31:28,047 - wxmplog - DEBUG - http://mp.weixin.qq.com/s?__biz=MzA3MTA1MDU3OA==&mid=2676191339&idx=1&sn=dba9e226727bb4b7813f24c8043dfe42&chksm=8544a456b2332d407509f7c976041f000817f4ef7fdfe46f22fdba818904815b3f0f397d8bcf&scene=0&xtrack=1#rd
2018-11-08 19:31:28,626 - wxmplog - DEBUG - 人事变动，省政府任免271名国家工作人员
2018-11-08 19:31:51,071 - wxmplog - DEBUG - http://mp.weixin.qq.com/s?__biz=MzA5NzM0Nzc3OA==&mid=2651975868&idx=1&sn=f1190c5bf6184976b3418ef0e8d089d1&chksm=8b476111bc30e807d2b13e47369dc1a2f16d06323eff0f28918191629e590381fff71d2ab94f&scene=0&xtrack=1#rd
2018-11-08 19:31:51,319 - wxmplog - DEBUG - 省消协发布“双十一”消费提示：认清真假优惠 当心消费陷阱
2018-11-08 19:31:56,101 - wxmplog - DEBUG - http://mp.weixin.qq.com/s?__biz=MzIzNDYxNTcxOA==&mid=2247505954&idx=1&sn=89cd1f420ba5474a70e483b75894ae84&chksm=e8f13eebdf86b7fd8f8738290a28127ffbe99e97be70dc4c17104e85026e0b1792bb87709492&scene=0&xtrack=1#rd
2018-11-08 19:31:56,478 - wxmplog - DEBUG - 贵州省政府调整张行等4名同志职务
2018-11-08 19:32:15,955 - wxmplog - DEBUG - http://mp.weixin.qq.com/s?__biz=MzIzNDYxNTcxOA==&mid=2247505954&idx=2&sn=656c3335be1f1c0b88bdc5c75960f6a4&chksm=e8f13eebdf86b7fd849a8aa559b8b0cd423859a0dbcea3dd6e1495442e091ce1fc2a73775779&scene=0&xtrack=1#rd
2018-11-08 19:32:16,423 - wxmplog - DEBUG - 记者节快乐
2018-11-08 19:32:27,731 - wxmplog - DEBUG - http://mp.weixin.qq.com/s?__biz=MzI5MzY0OTMxOA==&mid=2247492175&idx=1&sn=5865e6158c0224e43581de3a74241b53&chksm=ec6c4c86db1bc59034b4bd053b5e6313fc558646ac2e1e1a2783f74cf148659c73a9f740f57c&scene=0&xtrack=1#rd
2018-11-08 19:32:27,995 - wxmplog - DEBUG - 贵阳司机注意！这三条拥堵路段将调整为单行道.....
2018-11-08 19:32:29,117 - wxmplog - DEBUG - http://mp.weixin.qq.com/s?__biz=MzA5NzM0Nzc3OA==&mid=2651975868&idx=2&sn=897f81e7d4a1c9637c92fc27f7be9406&chksm=8b476111bc30e807f52582fd90142c8f01d5bee87ccb4432593629304a5da1626e52cf7a60b4&scene=0&xtrack=1#rd
2018-11-08 19:32:31,443 - wxmplog - DEBUG - http://mp.weixin.qq.com/s?__biz=MzIzNDYxNTcxOA==&mid=2247505954&idx=3&sn=d352dcbb812e75861fc9ff02e8435a94&chksm=e8f13eebdf86b7fdbe7478efd2d6931c70384b875bc6d7d85e6a6a158958a83058d62eac9ec4&scene=0&xtrack=1#rd
2018-11-08 19:32:47,265 - wxmplog - DEBUG - http://mp.weixin.qq.com/s?__biz=MzA3MTA1MDU3OA==&mid=2676191339&idx=2&sn=4b9664cf529d85520827cf8177a887c2&chksm=8544a456b2332d40255fabb6cb352cdda63aee5cf596edb4f24bc12749bd136504efbf3232e6&scene=0&xtrack=1#rd
2018-11-08 19:32:47,741 - wxmplog - DEBUG - 初雪！贵州入冬的第一场雪下在了这里
2018-11-08 19:32:54,745 - wxmplog - DEBUG - http://mp.weixin.qq.com/s?__biz=MzI5MzY0OTMxOA==&mid=2247492175&idx=2&sn=8ca5941253c793993c6acc81324c322d&chksm=ec6c4c86db1bc590d7c374e40e7415cd2297822befebe2d34b863510738baac67426fbe6740c&scene=0&xtrack=1#rd
2018-11-08 19:32:55,100 - wxmplog - DEBUG - 贵阳市停水、停电信息！快看有没有你家？~
2018-11-08 19:33:08,610 - wxmplog - DEBUG - http://mp.weixin.qq.com/s?__biz=MzA3MTA1MDU3OA==&mid=2676191339&idx=3&sn=e06b5ddcf47bb5cd77e801c1a86c0350&chksm=8544a456b2332d40fa9e417aa4cfc67fdaf47e216530f2e0d23c3c6b0303aedd3210bdb42307&scene=0&xtrack=1#rd
2018-11-08 19:33:09,177 - wxmplog - DEBUG - 最高64295元！前三季度贵州“四上”单位平均工资公布，你有多少？
2018-11-08 19:33:10,320 - wxmplog - DEBUG - http://mp.weixin.qq.com/s?__biz=MzI5MzY0OTMxOA==&mid=2247492175&idx=3&sn=8da0d96616ffe1672c3223a42d08b473&chksm=ec6c4c86db1bc5902782d0a1aac037b8741bcf388089e2d3a82a2def312b89f1afed8dad755c&scene=0&xtrack=1#rd
2018-11-08 19:33:10,612 - wxmplog - DEBUG - 观点 | 政务数据共享交换中的创新应用：微服务总线+分布式数据区
2018-11-08 19:33:34,578 - wxmplog - DEBUG - http://mp.weixin.qq.com/s?__biz=MzA3MTA1MDU3OA==&mid=2676191339&idx=4&sn=6da0dce5b47711f09c1f1553b76ea91e&chksm=8544a456b2332d40a4b42bb0cacd0968773f9996402012a287a2015bd288320ca9a689a25de6&scene=0&xtrack=1#rd
2018-11-08 19:33:35,081 - wxmplog - DEBUG - 六盘水通报5起农村危房改造中违规违纪问题
2018-11-08 19:33:43,917 - wxmplog - DEBUG - http://mp.weixin.qq.com/s?__biz=MzI5MzY0OTMxOA==&mid=2247492175&idx=4&sn=be35566384eeefac53d612a7e369934d&chksm=ec6c4c86db1bc590d4c33595a3bd27df933963ec10cead03cc9e0dc569404125c67b14feafca&scene=0&xtrack=1#rd
2018-11-08 19:33:53,966 - wxmplog - DEBUG - http://mp.weixin.qq.com/s?__biz=MzA3MTA1MDU3OA==&mid=2676191339&idx=5&sn=aae4a12c5ab575fd3b0f3f9fa70a9fbb&chksm=8544a456b2332d40e19375ad36df14778db1daddb2bd920d99115d12352e05c0b1a9d576736e&scene=0&xtrack=1#rd
2018-11-08 19:33:54,269 - wxmplog - DEBUG - 这首记者节的“神曲”，要火！
2018-11-08 19:34:16,730 - wxmplog - DEBUG - http://mp.weixin.qq.com/s?__biz=MzA3MTA1MDU3OA==&mid=2676191339&idx=6&sn=5c3f0cdfa35ff9c92ade0e853198802f&chksm=8544a456b2332d40483394146c3ab360b8351ebaf7aa962d2eadf9b4d627d3ab042a556826d8&scene=0&xtrack=1#rd
