2018-12-12 11:39:20,580 - wxmplog - DEBUG - [<Element 'item' at 0x7fb3df608990>, <Element 'item' at 0x7fb3df66a890>, <Element 'item' at 0x7fb3f0720910>, <Element 'item' at 0x7fb3f0e084d0>, <Element 'item' at 0x7fb3df61d1d0>, <Element 'item' at 0x7fb3f00e9110>, <Element 'item' at 0x7fb3f0100410>]
2018-12-12 11:39:20,581 - wxmplog - DEBUG - 玩“赚”萌猪，周周羊毛薅到手软
2018-12-12 11:39:20,581 - wxmplog - DEBUG - http://mp.weixin.qq.com/s?__biz=MjM5MTk4NjI0Mg==&mid=2692573332&idx=1&sn=0c8018da956cde8a0515925bf1ce273b&chksm=8324efb9b45366af1037d28f8cd9057a718ede47a9e11d5e168f32d265a75dd8ec9b260e833f&scene=0&xtrack=1#rd
2018-12-12 11:39:21,095 - wxmplog - DEBUG - already open the url
2018-12-12 11:39:21,251 - wxmplog - DEBUG - parse the content
2018-12-12 11:39:21,284 - wxmplog - DEBUG - 兄dei约吗？专享服务，预约一步搞定！
2018-12-12 11:39:21,285 - wxmplog - DEBUG - http://mp.weixin.qq.com/s?__biz=MjM5MTk4NjI0Mg==&mid=2692573332&idx=2&sn=a34f9dca635341d1eeb5b92ab48d6095&chksm=8324efb9b45366af3dc520f4ef0a6452f3338f13eb1f7e6d5b6883b2057ed1fa91ef29698d21&scene=0&xtrack=1#rd
2018-12-12 11:39:21,741 - wxmplog - DEBUG - already open the url
2018-12-12 11:39:21,866 - wxmplog - DEBUG - parse the content
2018-12-12 11:39:21,894 - wxmplog - DEBUG - 每日限量1000份贺岁“金”喜，拼手速快来抢！
2018-12-12 11:39:21,895 - wxmplog - DEBUG - http://mp.weixin.qq.com/s?__biz=MjM5MTk4NjI0Mg==&mid=2692573332&idx=3&sn=2d526d939333588e921e52e136393b1f&chksm=8324efb9b45366af1c556f144596c12759f3b14f8a3de44b1d220d12b40b6c6dbef69e66593c&scene=0&xtrack=1#rd
2018-12-12 11:39:22,369 - wxmplog - DEBUG - already open the url
2018-12-12 11:39:22,504 - wxmplog - DEBUG - parse the content
2018-12-12 11:39:22,537 - wxmplog - DEBUG - 所谓“锦鲤命”，不过是越扫码越幸运
2018-12-12 11:39:22,537 - wxmplog - DEBUG - http://mp.weixin.qq.com/s?__biz=MjM5MTk4NjI0Mg==&mid=2692573332&idx=4&sn=d906e936068aab25ed4cf881e097698e&chksm=8324efb9b45366af29536369b068ac811530728e7fac0ac734b152434b5c34cbaa5b3c49e7fe&scene=0&xtrack=1#rd
2018-12-12 11:39:23,033 - wxmplog - DEBUG - already open the url
2018-12-12 11:39:23,182 - wxmplog - DEBUG - parse the content
2018-12-12 11:39:23,218 - wxmplog - DEBUG - 解决出国99%的烦恼，还靠神助攻！
2018-12-12 11:39:23,218 - wxmplog - DEBUG - http://mp.weixin.qq.com/s?__biz=MjM5MTk4NjI0Mg==&mid=2692573332&idx=5&sn=416b73dec0c176dfeef67ee5002be723&chksm=8324efb9b45366afb92291129d61a2681e636a369c46307c15a069bbb5d8408987d37153058e&scene=0&xtrack=1#rd
2018-12-12 11:39:23,717 - wxmplog - DEBUG - already open the url
2018-12-12 11:39:23,855 - wxmplog - DEBUG - parse the content
2018-12-12 11:39:23,889 - wxmplog - DEBUG - 手机轻松一扫，百元券“码”上到手！
2018-12-12 11:39:23,890 - wxmplog - DEBUG - http://mp.weixin.qq.com/s?__biz=MjM5MTk4NjI0Mg==&mid=2692573332&idx=6&sn=fc1a5468e9668fbcb8d07bda678d7abd&chksm=8324efb9b45366af71dab93ccb649074ac823b69fc60a364145fd0f8cc7690cfe10ecf555afd&scene=0&xtrack=1#rd
2018-12-12 11:39:24,414 - wxmplog - DEBUG - already open the url
2018-12-12 11:39:24,563 - wxmplog - DEBUG - parse the content
2018-12-12 11:39:24,599 - wxmplog - DEBUG - 不玩套路~赢福袋、金条只要两步！第一步，点我……
2018-12-12 11:39:24,600 - wxmplog - DEBUG - http://mp.weixin.qq.com/s?__biz=MjM5MTk4NjI0Mg==&mid=2692573332&idx=7&sn=c5b21b8a273224a5e8792ce5b40b0040&chksm=8324efb9b45366afc7b4966d7387b857e7f257f4a831f87e09c405f9687fc9686fc701531563&scene=0&xtrack=1#rd
2018-12-12 11:39:25,117 - wxmplog - DEBUG - already open the url
2018-12-12 11:39:25,273 - wxmplog - DEBUG - parse the content
2018-12-12 11:41:26,008 - wxmplog - DEBUG - [<Element 'item' at 0x7fb3f07f4a50>]
2018-12-12 11:41:26,008 - wxmplog - DEBUG - “双12”甜蜜暴击！今天，交大和@_____大学在一起了！
2018-12-12 11:41:26,008 - wxmplog - DEBUG - http://mp.weixin.qq.com/s?__biz=MjM5MDIyMDQyMA==&mid=2650653326&idx=1&sn=8afa7259589f3337ce3c6266ed3b9d16&chksm=be414b658936c273121930f7c67e7e864bafe5124f4ac78664a213094a2c6c864df30d918cec&scene=0&xtrack=1#rd
2018-12-12 11:41:26,756 - wxmplog - DEBUG - already open the url
2018-12-12 11:41:27,052 - wxmplog - DEBUG - parse the content
2018-12-12 11:52:06,490 - wxmplog - DEBUG - [<Element 'item' at 0x7fb3f0283590>]
2018-12-12 11:52:06,491 - wxmplog - DEBUG - 贵州未来五年还有哪些高铁线路通车？来看看有你的家乡吗
2018-12-12 11:52:06,491 - wxmplog - DEBUG - http://mp.weixin.qq.com/s?__biz=MzAxNDExNjY2OQ==&mid=2648960149&idx=1&sn=9c964d95a2442a7e6fff23c557a7b0f6&chksm=838f7ec7b4f8f7d1f6b775b9c793979fc246d9564e6c07313e6c8ca925f4732cdee3b593f225&scene=0&xtrack=1#rd
2018-12-12 11:52:07,017 - wxmplog - DEBUG - already open the url
2018-12-12 11:52:07,158 - wxmplog - DEBUG - parse the content
2018-12-12 11:52:31,842 - wxmplog - DEBUG - [<Element 'item' at 0x7fb3f040c6d0>, <Element 'item' at 0x7fb3f07cf290>, <Element 'item' at 0x7fb3f0283550>, <Element 'item' at 0x7fb3f04b9710>, <Element 'item' at 0x7fb3f0525f10>, <Element 'item' at 0x7fb3f03fcb50>, <Element 'item' at 0x7fb3f09bfa50>, <Element 'item' at 0x7fb3f070ced0>]
2018-12-12 11:52:31,842 - wxmplog - DEBUG - 40万商家全部5折，小薅怡情，大薅致富！
2018-12-12 11:52:31,843 - wxmplog - DEBUG - http://mp.weixin.qq.com/s?__biz=MjM5MDIzMzQ4MA==&mid=2678861498&idx=1&sn=a09f8e4f3eb241cb611432bd41ceb42a&chksm=bc1f685d8b68e14bdfab2db047c18f13ce62306907ca8eb3b0238c49776dd0358fb20513440d&scene=0&xtrack=1#rd
2018-12-12 11:52:32,371 - wxmplog - DEBUG - already open the url
2018-12-12 11:52:32,607 - wxmplog - DEBUG - parse the content
2018-12-12 11:52:32,639 - wxmplog - DEBUG - 没有红包，12·12还有什么意思？
2018-12-12 11:52:32,639 - wxmplog - DEBUG - http://mp.weixin.qq.com/s?__biz=MjM5MDIzMzQ4MA==&mid=2678861498&idx=2&sn=a0e027ad9100d3c8cbf29d4b440e4b3b&chksm=bc1f685d8b68e14bb4fe8fad95591a984610ffc873f54b8512a580d23ada60879ad7f72c8906&scene=0&xtrack=1#rd
2018-12-12 11:52:33,131 - wxmplog - DEBUG - already open the url
2018-12-12 11:52:33,304 - wxmplog - DEBUG - parse the content
2018-12-12 11:52:33,339 - wxmplog - DEBUG - 月薪多少，才能放心结婚生娃？
2018-12-12 11:52:33,339 - wxmplog - DEBUG - http://mp.weixin.qq.com/s?__biz=MjM5MDIzMzQ4MA==&mid=2678861498&idx=3&sn=32663761b2baedad1c9cfdb4c9f4462a&chksm=bc1f685d8b68e14b129528874120d4cce062201a408cb20c62cd396bb99362c6ed83f1066326&scene=0&xtrack=1#rd
2018-12-12 11:52:33,890 - wxmplog - DEBUG - already open the url
2018-12-12 11:52:34,044 - wxmplog - DEBUG - parse the content
2018-12-12 11:52:34,072 - wxmplog - DEBUG - 用这种方式购物，在全家可以省一半！
2018-12-12 11:52:34,072 - wxmplog - DEBUG - http://mp.weixin.qq.com/s?__biz=MjM5MDIzMzQ4MA==&mid=2678861498&idx=4&sn=6d2da97c02260175b7504809c23761f0&chksm=bc1f685d8b68e14b354f8360382eb79f910b3c623a65abf8be38865e92c754e6d73487f3a5de&scene=0&xtrack=1#rd
2018-12-12 11:52:34,604 - wxmplog - DEBUG - already open the url
2018-12-12 11:52:34,824 - wxmplog - DEBUG - parse the content
2018-12-12 11:52:34,859 - wxmplog - DEBUG - 您有1000元尊享权益待领取 >>
2018-12-12 11:52:34,859 - wxmplog - DEBUG - http://mp.weixin.qq.com/s?__biz=MjM5MDIzMzQ4MA==&mid=2678861498&idx=5&sn=09d28b2037e1140a7f0d2b71a4ccb08f&chksm=bc1f685d8b68e14bc63231533fbc6c3954fdfb0631c9c2a309c8af7fb8c0eeb1d3a73085bf95&scene=0&xtrack=1#rd
2018-12-12 11:52:35,556 - wxmplog - DEBUG - already open the url
2018-12-12 11:52:35,734 - wxmplog - DEBUG - parse the content
2018-12-12 11:52:35,761 - wxmplog - DEBUG - iPAD/戴森抱团赢、188红包、五折美食等你来“刷”
2018-12-12 11:52:35,762 - wxmplog - DEBUG - http://mp.weixin.qq.com/s?__biz=MjM5MDIzMzQ4MA==&mid=2678861498&idx=6&sn=74373b004bad9343f9fc264dd6be56e2&chksm=bc1f685d8b68e14b6a000402f107e943a6b35fc89262d1654b61ae9544f5775cc81a90690b68&scene=0&xtrack=1#rd
2018-12-12 11:52:36,279 - wxmplog - DEBUG - already open the url
2018-12-12 11:52:36,464 - wxmplog - DEBUG - parse the content
2018-12-12 11:52:36,499 - wxmplog - DEBUG - 【万一中了呢】无人机、单反、苹果手机…免费赢
2018-12-12 11:52:36,500 - wxmplog - DEBUG - http://mp.weixin.qq.com/s?__biz=MjM5MDIzMzQ4MA==&mid=2678861498&idx=7&sn=fa3fc4d52aef57589b5f16ae1123a6b9&chksm=bc1f685d8b68e14bd275dc2c266086db83b06b7c31d373fe1068c91279d53f7cc7cea9afe1ac&scene=0&xtrack=1#rd
2018-12-12 11:52:36,977 - wxmplog - DEBUG - already open the url
2018-12-12 11:52:37,126 - wxmplog - DEBUG - parse the content
2018-12-12 11:52:37,154 - wxmplog - DEBUG - 双12年终盛典 | vivo NEX全新登场
2018-12-12 11:52:37,155 - wxmplog - DEBUG - http://mp.weixin.qq.com/s?__biz=MjM5MDIzMzQ4MA==&mid=2678861498&idx=8&sn=8b9099973262b69dae19b5599017074d&chksm=bc1f685d8b68e14b8d7867c87dbed8845006bdfef0214a8579c58968117b66d678f381a15d37&scene=0&xtrack=1#rd
2018-12-12 11:52:37,643 - wxmplog - DEBUG - already open the url
2018-12-12 11:52:37,793 - wxmplog - DEBUG - parse the content
2018-12-12 12:12:20,494 - wxmplog - DEBUG - [<Element 'item' at 0x7fb3df774d10>, <Element 'item' at 0x7fb3f0a90510>, <Element 'item' at 0x7fb3f0283150>, <Element 'item' at 0x7fb3df7a1390>, <Element 'item' at 0x7fb3df5f3d50>, <Element 'item' at 0x7fb3f04dbc50>, <Element 'item' at 0x7fb3df662390>, <Element 'item' at 0x7fb3f01a4290>]
2018-12-12 12:12:20,505 - wxmplog - DEBUG - 【去哪玩|你好城市】让贵州的冬天，越吃越有滋味
2018-12-12 12:12:20,516 - wxmplog - DEBUG - http://mp.weixin.qq.com/s?__biz=MjM5OTYwMjM4Mg==&mid=2652807948&idx=1&sn=a28889e72fc24ccb4ab3dbb057d2ca72&chksm=bcd2f2ad8ba57bbb0549e259eadea1d9f25ea5ea67979a0fe5052e1cf1e3ebda2c5900655561&scene=0&xtrack=1#rd
2018-12-12 12:12:20,963 - wxmplog - DEBUG - [<Element 'item' at 0x7fb3f09ddf50>]
2018-12-12 12:12:20,963 - wxmplog - DEBUG - 洞穴主题特色年会，秒杀“别人家的年会”
2018-12-12 12:12:20,963 - wxmplog - DEBUG - http://mp.weixin.qq.com/s?__biz=MzI1MTQ5NDA0MA==&mid=2247484667&idx=1&sn=bbf12cbda0a682514b21f64c9f4f0326&chksm=e9f36f0cde84e61acf8c9851e8ac363d87f1de7684bef3134f870a80681990449765ef5546dc&scene=0&xtrack=1#rd
2018-12-12 12:12:21,194 - wxmplog - DEBUG - already open the url
2018-12-12 12:12:21,334 - wxmplog - DEBUG - parse the content
2018-12-12 12:12:21,366 - wxmplog - DEBUG - 【972大玩家】到南极，究竟带什么衣服去？
2018-12-12 12:12:21,367 - wxmplog - DEBUG - http://mp.weixin.qq.com/s?__biz=MjM5OTYwMjM4Mg==&mid=2652807948&idx=2&sn=71cdb1a168ae9588853b4836ce43950f&chksm=bcd2f2ad8ba57bbbb31f3de6e3a98212f72d7901a6bc84b6cbe913ec971ba7cd9703558de29b&scene=0&xtrack=1#rd
2018-12-12 12:12:21,547 - wxmplog - DEBUG - already open the url
2018-12-12 12:12:21,732 - wxmplog - DEBUG - parse the content
2018-12-12 12:12:21,893 - wxmplog - DEBUG - already open the url
2018-12-12 12:12:22,104 - wxmplog - DEBUG - parse the content
2018-12-12 12:12:22,132 - wxmplog - DEBUG - 【听鉴】酒店这几个地方最容易藏摄像头
2018-12-12 12:12:22,132 - wxmplog - DEBUG - http://mp.weixin.qq.com/s?__biz=MjM5OTYwMjM4Mg==&mid=2652807948&idx=3&sn=4099901cc40e869fdd7a984970aedd0e&chksm=bcd2f2ad8ba57bbb45b5ad1b3df7eca8979cd1a631128675c009a4454bdedabf19700fac7d74&scene=0&xtrack=1#rd
2018-12-12 12:12:22,637 - wxmplog - DEBUG - already open the url
2018-12-12 12:12:22,838 - wxmplog - DEBUG - parse the content
2018-12-12 12:12:22,865 - wxmplog - DEBUG - 【讲东讲西讲东西】贵州大范围雪凝天气本周四有望结束
2018-12-12 12:12:22,866 - wxmplog - DEBUG - http://mp.weixin.qq.com/s?__biz=MjM5OTYwMjM4Mg==&mid=2652807948&idx=4&sn=9dee4827267043e93c844714cc33d0b7&chksm=bcd2f2ad8ba57bbb2a0a5638bc5a678af90941ffdd989d7cb237076017995c6afb7a08e1cac8&scene=0&xtrack=1#rd
2018-12-12 12:12:23,367 - wxmplog - DEBUG - already open the url
2018-12-12 12:12:23,520 - wxmplog - DEBUG - parse the content
2018-12-12 12:12:23,549 - wxmplog - DEBUG - 【音乐旅行箱】如果失恋有解药，那么一定是这张歌单
2018-12-12 12:12:23,550 - wxmplog - DEBUG - http://mp.weixin.qq.com/s?__biz=MjM5OTYwMjM4Mg==&mid=2652807948&idx=5&sn=96229eff73048598adddbb4f10eb5e69&chksm=bcd2f2ad8ba57bbb159196fc97b1acb2f5701783310cc326e3f4e05bbe1f4864d6038b728b08&scene=0&xtrack=1#rd
2018-12-12 12:12:24,044 - wxmplog - DEBUG - already open the url
2018-12-12 12:12:24,178 - wxmplog - DEBUG - parse the content
2018-12-12 12:12:24,210 - wxmplog - DEBUG - 【下班万岁】游戏中的宠物,你想养谁？
2018-12-12 12:12:24,210 - wxmplog - DEBUG - http://mp.weixin.qq.com/s?__biz=MjM5OTYwMjM4Mg==&mid=2652807948&idx=6&sn=cdff4db553b6a742a8f8b3b1000239ec&chksm=bcd2f2ad8ba57bbb7ab3cab2d1c77c0b0a4fbf3a7c6c9958ea033748939426edbcba3c0b1fd3&scene=0&xtrack=1#rd
2018-12-12 12:12:24,726 - wxmplog - DEBUG - already open the url
2018-12-12 12:12:24,936 - wxmplog - DEBUG - parse the content
2018-12-12 12:12:24,968 - wxmplog - DEBUG - 【你好十八点】旅行的记录方式，你选择哪种？
2018-12-12 12:12:24,969 - wxmplog - DEBUG - http://mp.weixin.qq.com/s?__biz=MjM5OTYwMjM4Mg==&mid=2652807948&idx=7&sn=251672604005fd6f39245790a63d422b&chksm=bcd2f2ad8ba57bbb8c981dcb80cd3195da57e54641bfa7b6eccf733b2802bbf47348839717ab&scene=0&xtrack=1#rd
2018-12-12 12:12:25,531 - wxmplog - DEBUG - already open the url
2018-12-12 12:12:25,682 - wxmplog - DEBUG - parse the content
2018-12-12 12:12:25,718 - wxmplog - DEBUG - 【下一站】玩雪正当时——黑龙江冬季旅游
2018-12-12 12:12:25,719 - wxmplog - DEBUG - http://mp.weixin.qq.com/s?__biz=MjM5OTYwMjM4Mg==&mid=2652807948&idx=8&sn=98cb61b10d5af063e6eb9a735802b768&chksm=bcd2f2ad8ba57bbbc2ae8f7f45a238fc2dbab0376ec7c2de06d7db0e7d929051f1a8ad8e0d9a&scene=0&xtrack=1#rd
2018-12-12 12:12:26,181 - wxmplog - DEBUG - already open the url
2018-12-12 12:12:26,321 - wxmplog - DEBUG - parse the content
2018-12-12 12:48:34,396 - wxmplog - DEBUG - [<Element 'item' at 0x7fb3df5f3f50>, <Element 'item' at 0x7fb3f0a3be90>, <Element 'item' at 0x7fb3df5aa550>, <Element 'item' at 0x7fb3f0307e50>]
2018-12-12 12:48:34,398 - wxmplog - DEBUG - 小众却惊艳！魔都这些地方可赏美丽水杉林
2018-12-12 12:48:34,407 - wxmplog - DEBUG - http://mp.weixin.qq.com/s?__biz=MjM5NTA5NzYyMA==&mid=2654065154&idx=1&sn=71631728cb1d50b91636e9df7ab10df7&chksm=bd38cf798a4f466f3255940d05b4a96cfe8999f308cdc74e5ffd556ce51dc18cc93dd9676d61&scene=0&xtrack=1#rd
2018-12-12 12:48:35,136 - wxmplog - DEBUG - already open the url
2018-12-12 12:48:35,351 - wxmplog - DEBUG - parse the content
2018-12-12 12:48:35,384 - wxmplog - DEBUG - 【视频】棚户区华丽变身“生态居住区”！3分钟动画看“三湾一弄”
2018-12-12 12:48:35,385 - wxmplog - DEBUG - http://mp.weixin.qq.com/s?__biz=MjM5NTA5NzYyMA==&mid=2654065154&idx=2&sn=95fd1616227b354e5837acded5587f5a&chksm=bd38cf798a4f466f83db23caaaf5e99191f57eff22327908214044dbdf19b681a60ae19f6e2a&scene=0&xtrack=1#rd
2018-12-12 12:48:35,915 - wxmplog - DEBUG - already open the url
2018-12-12 12:48:36,061 - wxmplog - DEBUG - parse the content
2018-12-12 12:48:36,096 - wxmplog - DEBUG - 【提示】2019年注册会计师的报名、考试时间公布！
2018-12-12 12:48:36,097 - wxmplog - DEBUG - http://mp.weixin.qq.com/s?__biz=MjM5NTA5NzYyMA==&mid=2654065154&idx=3&sn=0beda6882ffcc788dae309dea796a3f0&chksm=bd38cf798a4f466f108cc39e29f5728a048977674511b6a8c1e8aee2000f70735324a41e366d&scene=0&xtrack=1#rd
2018-12-12 12:48:36,693 - wxmplog - DEBUG - already open the url
2018-12-12 12:48:36,845 - wxmplog - DEBUG - parse the content
2018-12-12 12:48:36,881 - wxmplog - DEBUG - 【就业】上海当代艺术博物馆招10人！12月20日前报名
2018-12-12 12:48:36,881 - wxmplog - DEBUG - http://mp.weixin.qq.com/s?__biz=MjM5NTA5NzYyMA==&mid=2654065154&idx=4&sn=81e171ce2a08f0e973f6ef5d1eb4b252&chksm=bd38cf798a4f466fa958de7f3f31419b03877bfa49e992615578ac7e95de5ec14f0e6953616d&scene=0&xtrack=1#rd
2018-12-12 12:48:37,612 - wxmplog - DEBUG - already open the url
2018-12-12 12:48:37,789 - wxmplog - DEBUG - parse the content
2018-12-12 13:02:37,871 - wxmplog - DEBUG - [<Element 'item' at 0x7fb3f0ae04d0>, <Element 'item' at 0x7fb3df5a6c50>]
2018-12-12 13:02:37,871 - wxmplog - DEBUG - 跑遍魔都，集齐25棵大牌圣诞树，圆满！
2018-12-12 13:02:37,871 - wxmplog - DEBUG - http://mp.weixin.qq.com/s?__biz=MzU1MjQ0OTcwMw==&mid=2247570794&idx=1&sn=b7afcd92815b945fcff8658f376c8f65&chksm=fb8276a2ccf5ffb4e7e73db7e2243a2134e159b89155ebb7840fa0dcc9447b9393a6ec95c553&scene=0&xtrack=1#rd
2018-12-12 13:02:38,313 - wxmplog - DEBUG - already open the url
2018-12-12 13:02:38,630 - wxmplog - DEBUG - parse the content
2018-12-12 13:02:38,665 - wxmplog - DEBUG - 拥有100+种新晋泡面专门店，一到晚上会变身！
2018-12-12 13:02:38,667 - wxmplog - DEBUG - http://mp.weixin.qq.com/s?__biz=MzU1MjQ0OTcwMw==&mid=2247570794&idx=2&sn=663712b3d822b4d4d0818eb9be34281c&chksm=fb8276a2ccf5ffb4574412bc5dc616c8ecd08c92cc27424f87b0ed87faebc9066b9d298238fe&scene=0&xtrack=1#rd
2018-12-12 13:02:39,186 - wxmplog - DEBUG - already open the url
2018-12-12 13:02:39,415 - wxmplog - DEBUG - parse the content
2018-12-12 13:26:01,485 - wxmplog - DEBUG - [<Element 'item' at 0x7fb3df501b50>]
2018-12-12 13:26:01,485 - wxmplog - DEBUG - 千人年猪宴—嗨翻神泉谷
2018-12-12 13:26:01,485 - wxmplog - DEBUG - http://mp.weixin.qq.com/s?__biz=MzI4ODk3Mjg5Mw==&mid=2247485844&idx=1&sn=6e34e0e8766e273ca90eeedd332c912e&chksm=ec3700a6db4089b0b474cc56aa42151b93e9a3accd07ad9385c4c4a6a9ce980903a695e986c5&scene=0&xtrack=1#rd
2018-12-12 13:26:02,183 - wxmplog - DEBUG - already open the url
2018-12-12 13:26:02,380 - wxmplog - DEBUG - parse the content
2018-12-12 14:17:52,857 - wxmplog - DEBUG - [<Element 'item' at 0x7fb3f0784790>, <Element 'item' at 0x7fb3f0335a10>]
2018-12-12 14:17:52,858 - wxmplog - DEBUG - 买下这些香香的护肤品，省了500块的祖马龙
2018-12-12 14:17:52,858 - wxmplog - DEBUG - http://mp.weixin.qq.com/s?__biz=MjM5NzM1NzQwMA==&mid=2649345054&idx=1&sn=bf1f8504d00f09fc964fca763130f07c&chksm=bec65e2989b1d73fafdaa8d62a2fd59728d38de0a7191f51eb4939106a340ee0216f1589bb4b&scene=0&xtrack=1#rd
2018-12-12 14:17:54,108 - wxmplog - DEBUG - already open the url
2018-12-12 14:17:54,334 - wxmplog - DEBUG - parse the content
2018-12-12 14:17:54,370 - wxmplog - DEBUG - 2018年C位出道的口红，你还缺哪只？
2018-12-12 14:17:54,370 - wxmplog - DEBUG - http://mp.weixin.qq.com/s?__biz=MjM5NzM1NzQwMA==&mid=2649345054&idx=2&sn=a7a9dd941885e005afcda7be3e056c05&chksm=bec65e2989b1d73fd66bb7c89f6d4ed8ba3b4df8636ebcf28c5518115d575baa3913e514edf6&scene=0&xtrack=1#rd
2018-12-12 14:17:55,475 - wxmplog - DEBUG - already open the url
2018-12-12 14:17:55,679 - wxmplog - DEBUG - parse the content
2018-12-12 14:21:36,449 - wxmplog - DEBUG - [<Element 'item' at 0x7fb3f072db50>]
2018-12-12 14:21:36,465 - wxmplog - DEBUG - 龙宫，你被中国汽车运动联合会关注了！
2018-12-12 14:21:36,466 - wxmplog - DEBUG - http://mp.weixin.qq.com/s?__biz=MzA4MDI0MzkyNg==&mid=2652861024&idx=1&sn=bf574001d52116b3a6db0a1fa0b0bf63&chksm=844cefd9b33b66cf05591f311ec97742c66a4b1b4a9a9cf8049552b0cc6c1df9d68ded6dc561&scene=0&xtrack=1#rd
2018-12-12 14:21:36,982 - wxmplog - DEBUG - already open the url
2018-12-12 14:21:37,184 - wxmplog - DEBUG - parse the content
